<?xml version="1.0" encoding="UTF-8"?>
<testng-results ignored="0" total="2" passed="2" failed="0" skipped="0">
  <reporter-output>
  </reporter-output>
  <suite started-at="2023-06-07T19:53:39 IST" name="Default suite" finished-at="2023-06-07T19:55:32 IST" duration-ms="113101">
    <groups>
    </groups>
    <test started-at="2023-06-07T19:53:39 IST" name="Default test" finished-at="2023-06-07T19:55:32 IST" duration-ms="113101">
      <class name="radarbox.CreateAccountTest">
        <test-method is-config="true" signature="launchBrowser()[pri:0, instance:radarbox.CreateAccountTest@550dbc7a]" started-at="2023-06-07T19:53:39 IST" name="launchBrowser" finished-at="2023-06-07T19:54:27 IST" duration-ms="47916" status="PASS">
          <reporter-output>
          </reporter-output>
        </test-method> <!-- launchBrowser -->
        <test-method signature="launchRadarbox()[pri:0, instance:radarbox.CreateAccountTest@550dbc7a]" started-at="2023-06-07T19:54:27 IST" name="launchRadarbox" finished-at="2023-06-07T19:55:25 IST" duration-ms="58274" status="PASS">
          <reporter-output>
          </reporter-output>
        </test-method> <!-- launchRadarbox -->
        <test-method signature="loginRadarboxwithInvalidData()[pri:0, instance:radarbox.CreateAccountTest@550dbc7a]" started-at="2023-06-07T19:55:25 IST" name="loginRadarboxwithInvalidData" description="Testcase3" finished-at="2023-06-07T19:55:32 IST" duration-ms="6482" status="PASS">
          <reporter-output>
          </reporter-output>
        </test-method> <!-- loginRadarboxwithInvalidData -->
      </class> <!-- radarbox.CreateAccountTest -->
    </test> <!-- Default test -->
  </suite> <!-- Default suite -->
</testng-results>
